# JRE version: Java(TM) SE Runtime Environment (8.0_91-b14) (build 1.8.0_91-b14)
# Java VM: Java HotSpot(TM) Server VM (25.91-b14 mixed mode linux-x86 )
Heap:
 PSYoungGen      total 48128K, used 22651K [0x9cd80000, 0xa1b00000, 0xa7000000)
  eden space 34304K, 51% used [0x9cd80000,0x9deead38,0x9ef00000)
  from space 13824K, 34% used [0x9ef00000,0x9f3b4180,0x9fc80000)
  to   space 13312K, 0% used [0xa0e00000,0xa0e00000,0xa1b00000)
 ParOldGen       total 33024K, used 18749K [0x88800000, 0x8a840000, 0x9cd80000)
  object space 33024K, 56% used [0x88800000,0x89a4f4f8,0x8a840000)
 Metaspace       used 15072K, capacity 15941K, committed 16024K, reserved 16688K
GC Heap History (10 events):
Event: 65.129 GC heap before
{Heap before GC invocations=6 (full 0):
 PSYoungGen      total 17152K, used 17141K [0x9cd80000, 0x9ef00000, 0xa7000000)
  eden space 15872K, 100% used [0x9cd80000,0x9dd00000,0x9dd00000)
  from space 1280K, 99% used [0x9dd80000,0x9debd790,0x9dec0000)
  to   space 7424K, 0% used [0x9e7c0000,0x9e7c0000,0x9ef00000)
 ParOldGen       total 22016K, used 12507K [0x88800000, 0x89d80000, 0x9cd80000)
  object space 22016K, 56% used [0x88800000,0x89436e08,0x89d80000)
 Metaspace       used 14382K, capacity 15194K, committed 15256K, reserved 15664K
Event: 65.226 GC heap after
Heap after GC invocations=6 (full 0):
 PSYoungGen      total 26112K, used 6192K [0x9cd80000, 0x9fc80000, 0xa7000000)
  eden space 18688K, 0% used [0x9cd80000,0x9cd80000,0x9dfc0000)
  from space 7424K, 83% used [0x9e7c0000,0x9edcc350,0x9ef00000)
  to   space 8192K, 0% used [0x9dfc0000,0x9dfc0000,0x9e7c0000)
 ParOldGen       total 22016K, used 12507K [0x88800000, 0x89d80000, 0x9cd80000)
  object space 22016K, 56% used [0x88800000,0x89436e08,0x89d80000)
 Metaspace       used 14382K, capacity 15194K, committed 15256K, reserved 15664K
}
Event: 76.154 GC heap before
{Heap before GC invocations=7 (full 0):
 PSYoungGen      total 26112K, used 24880K [0x9cd80000, 0x9fc80000, 0xa7000000)
  eden space 18688K, 100% used [0x9cd80000,0x9dfc0000,0x9dfc0000)
  from space 7424K, 83% used [0x9e7c0000,0x9edcc350,0x9ef00000)
  to   space 8192K, 0% used [0x9dfc0000,0x9dfc0000,0x9e7c0000)
 ParOldGen       total 22016K, used 12507K [0x88800000, 0x89d80000, 0x9cd80000)
  object space 22016K, 56% used [0x88800000,0x89436e08,0x89d80000)
 Metaspace       used 14578K, capacity 15386K, committed 15512K, reserved 15664K
Event: 76.254 GC heap after
Heap after GC invocations=7 (full 0):
 PSYoungGen      total 26880K, used 8176K [0x9cd80000, 0xa0700000, 0xa7000000)
  eden space 18688K, 0% used [0x9cd80000,0x9cd80000,0x9dfc0000)
  from space 8192K, 99% used [0x9dfc0000,0x9e7bc370,0x9e7c0000)
  to   space 10752K, 0% used [0x9fc80000,0x9fc80000,0xa0700000)
 ParOldGen       total 22016K, used 14634K [0x88800000, 0x89d80000, 0x9cd80000)
  object space 22016K, 66% used [0x88800000,0x8964a948,0x89d80000)
 Metaspace       used 14578K, capacity 15386K, committed 15512K, reserved 15664K
}
Event: 77.620 GC heap before
{Heap before GC invocations=8 (full 0):
 PSYoungGen      total 26880K, used 26864K [0x9cd80000, 0xa0700000, 0xa7000000)
  eden space 18688K, 100% used [0x9cd80000,0x9dfc0000,0x9dfc0000)
  from space 8192K, 99% used [0x9dfc0000,0x9e7bc370,0x9e7c0000)
  to   space 10752K, 0% used [0x9fc80000,0x9fc80000,0xa0700000)
 ParOldGen       total 22016K, used 14634K [0x88800000, 0x89d80000, 0x9cd80000)
  object space 22016K, 66% used [0x88800000,0x8964a948,0x89d80000)
 Metaspace       used 14610K, capacity 15418K, committed 15512K, reserved 15664K
Event: 77.725 GC heap after
Heap after GC invocations=8 (full 0):
 PSYoungGen      total 45056K, used 10751K [0x9cd80000, 0xa0d00000, 0xa7000000)
  eden space 34304K, 0% used [0x9cd80000,0x9cd80000,0x9ef00000)
  from space 10752K, 99% used [0x9fc80000,0xa06ffc00,0xa0700000)
  to   space 13824K, 0% used [0x9ef00000,0x9ef00000,0x9fc80000)
 ParOldGen       total 22016K, used 17599K [0x88800000, 0x89d80000, 0x9cd80000)
  object space 22016K, 79% used [0x88800000,0x8992feb0,0x89d80000)
 Metaspace       used 14610K, capacity 15418K, committed 15512K, reserved 15664K
}
Event: 77.725 GC heap before
{Heap before GC invocations=9 (full 1):
 PSYoungGen      total 45056K, used 10751K [0x9cd80000, 0xa0d00000, 0xa7000000)
  eden space 34304K, 0% used [0x9cd80000,0x9cd80000,0x9ef00000)
  from space 10752K, 99% used [0x9fc80000,0xa06ffc00,0xa0700000)
  to   space 13824K, 0% used [0x9ef00000,0x9ef00000,0x9fc80000)
 ParOldGen       total 22016K, used 17599K [0x88800000, 0x89d80000, 0x9cd80000)
  object space 22016K, 79% used [0x88800000,0x8992feb0,0x89d80000)
 Metaspace       used 14610K, capacity 15418K, committed 15512K, reserved 15664K
Event: 78.028 GC heap after
Heap after GC invocations=9 (full 1):
 PSYoungGen      total 45056K, used 0K [0x9cd80000, 0xa0d00000, 0xa7000000)
  eden space 34304K, 0% used [0x9cd80000,0x9cd80000,0x9ef00000)
  from space 10752K, 0% used [0x9fc80000,0x9fc80000,0xa0700000)
  to   space 13824K, 0% used [0x9ef00000,0x9ef00000,0x9fc80000)
 ParOldGen       total 33024K, used 18745K [0x88800000, 0x8a840000, 0x9cd80000)
  object space 33024K, 56% used [0x88800000,0x89a4e4f8,0x8a840000)
 Metaspace       used 14610K, capacity 15418K, committed 15512K, reserved 15664K
}
Event: 102.547 GC heap before
{Heap before GC invocations=10 (full 1):
 PSYoungGen      total 45056K, used 34304K [0x9cd80000, 0xa0d00000, 0xa7000000)
  eden space 34304K, 100% used [0x9cd80000,0x9ef00000,0x9ef00000)
  from space 10752K, 0% used [0x9fc80000,0x9fc80000,0xa0700000)
  to   space 13824K, 0% used [0x9ef00000,0x9ef00000,0x9fc80000)
 ParOldGen       total 33024K, used 18745K [0x88800000, 0x8a840000, 0x9cd80000)
  object space 33024K, 56% used [0x88800000,0x89a4e4f8,0x8a840000)
 Metaspace       used 14983K, capacity 15820K, committed 15896K, reserved 16688K
Event: 102.572 GC heap after
Heap after GC invocations=10 (full 1):
 PSYoungGen      total 48128K, used 4816K [0x9cd80000, 0xa1b00000, 0xa7000000)
  eden space 34304K, 0% used [0x9cd80000,0x9cd80000,0x9ef00000)
  from space 13824K, 34% used [0x9ef00000,0x9f3b4180,0x9fc80000)
  to   space 13312K, 0% used [0xa0e00000,0xa0e00000,0xa1b00000)
 ParOldGen       total 33024K, used 18749K [0x88800000, 0x8a840000, 0x9cd80000)
  object space 33024K, 56% used [0x88800000,0x89a4f4f8,0x8a840000)
 Metaspace       used 14983K, capacity 15820K, committed 15896K, reserved 16688K
}

